#
# A fatal error has been detected by the Java Runtime Environment:
#
#  EXCEPTION_STACK_OVERFLOW (0xc00000fd) at pc=0x6400b9a3, pid=9272, tid=0x00001388
#
# JRE version: Java(TM) SE Runtime Environment (8.0_191-b12) (build 1.8.0_191-b12)
# Java VM: Java HotSpot(TM) Client VM (25.191-b12 mixed mode windows-x86 )
# Problematic frame:
# C  [jSSC-2.8_x86.dll+0xb9a3]
#
# Failed to write core dump. Minidumps are not enabled by default on client versions of Windows
#
# If you would like to submit a bug report, please visit:
#   http://bugreport.java.com/bugreport/crash.jsp
# The crash happened outside the Java Virtual Machine in native code.
# See problematic frame for where to report the bug.
#

---------------  T H R E A D  ---------------

Current thread (0x28207c00):  JavaThread "EventThread COM4" [_thread_in_native, id=5000, stack(0x02760000,0x027b0000)]

siginfo: ExceptionCode=0xc00000fd, ExceptionInformation=0x00000001 0x02760620 

Registers:
EAX=0x00015500, EBX=0x277b74e0, ECX=0x02760620, EDX=0x00000000
ESP=0x027af614, EBP=0x027af678, ESI=0x28207d40, EDI=0x277b74f4
EIP=0x6400b9a3, EFLAGS=0x00010202

Top of Stack: (sp=0x027af614)
0x027af614:   00063500 00000000 64001739 00000014
0x027af624:   265a3298 00000001 00000004 00000000
0x027af634:   00000001 000634fd 00000001 02d4faa0
0x027af644:   00000014 000002b0 265a3298 00000014
0x027af654:   00000014 24ec2f78 00000000 24e34268
0x027af664:   00000000 027af698 00000000 08561590
0x027af674:   28207c00 027af6a8 02d6d725 28207d40
0x027af684:   027af694 000002b0 00000000 000634fd 

Instructions: (pc=0x6400b9a3)
0x6400b983:   fd ff ff eb 91 90 90 90 90 90 90 90 90 51 50 3d
0x6400b993:   00 10 00 00 8d 4c 24 0c 72 15 81 e9 00 10 00 00
0x6400b9a3:   83 09 00 2d 00 10 00 00 3d 00 10 00 00 77 eb 29
0x6400b9b3:   c1 83 09 00 58 59 c3 90 90 8b 44 24 04 c7 00 ff 


Register to memory mapping:

EAX=0x00015500 is an unknown value
EBX=0x277b74e0 is an unknown value
ECX=0x02760620 is pointing into the stack for thread: 0x28207c00
EDX=0x00000000 is an unknown value
ESP=0x027af614 is pointing into the stack for thread: 0x28207c00
EBP=0x027af678 is pointing into the stack for thread: 0x28207c00
ESI=0x28207d40 is an unknown value
EDI=0x277b74f4 is an unknown value


Stack: [0x02760000,0x027b0000],  sp=0x027af614,  free space=317k
Native frames: (J=compiled Java code, j=interpreted, Vv=VM code, C=native code)
C  [jSSC-2.8_x86.dll+0xb9a3]
J 3260  jssc.SerialNativeInterface.readBytes(JI)[B (0 bytes) @ 0x02d6d725 [0x02d6d690+0x95]
J 4175% C1 jssc.SerialPort$EventThread.run()V (84 bytes) @ 0x02b8de80 [0x02b8dbd0+0x2b0]
v  ~StubRoutines::call_stub
V  [jvm.dll+0x15c315]
V  [jvm.dll+0x223ece]
V  [jvm.dll+0x15c3ae]
V  [jvm.dll+0x15c536]
V  [jvm.dll+0x15c5a7]
V  [jvm.dll+0x1002ef]
V  [jvm.dll+0x17f550]
V  [jvm.dll+0x17fdca]
V  [jvm.dll+0x1c57a6]
C  [msvcr100.dll+0x5c556]
C  [msvcr100.dll+0x5c600]
C  [KERNEL32.DLL+0x1fa29]
C  [ntdll.dll+0x67a4e]
C  [ntdll.dll+0x67a1e]
C  0x00000000

Java frames: (J=compiled Java code, j=interpreted, Vv=VM code)
J 3260  jssc.SerialNativeInterface.readBytes(JI)[B (0 bytes) @ 0x02d6d6e1 [0x02d6d690+0x51]
J 4175% C1 jssc.SerialPort$EventThread.run()V (84 bytes) @ 0x02b8de80 [0x02b8dbd0+0x2b0]
v  ~StubRoutines::call_stub

---------------  P R O C E S S  ---------------

Java Threads: ( => current thread )
=>0x28207c00 JavaThread "EventThread COM4" [_thread_in_native, id=5000, stack(0x02760000,0x027b0000)]
  0x2820d400 JavaThread "DestroyJavaVM" [_thread_blocked, id=6108, stack(0x02850000,0x028a0000)]
  0x2803cc00 JavaThread "TimerQueue" daemon [_thread_blocked, id=3360, stack(0x29bc0000,0x29c10000)]
  0x2803c400 JavaThread "AWT-EventQueue-0" [_thread_blocked, id=8524, stack(0x29700000,0x29750000)]
  0x2803c000 JavaThread "AWT-Shutdown" [_thread_blocked, id=1252, stack(0x29670000,0x296c0000)]
  0x27f77400 JavaThread "JmDNS(192-168-1-7.local.).State.Timer" [_thread_blocked, id=1372, stack(0x290c0000,0x29110000)]
  0x27f76c00 JavaThread "JmDNS(192-168-1-7.local.).Timer" daemon [_thread_blocked, id=4352, stack(0x29030000,0x29080000)]
  0x27f0cc00 JavaThread "SocketListener(192-168-1-7.local.)" daemon [_thread_in_native, id=3184, stack(0x28fa0000,0x28ff0000)]
  0x26549000 JavaThread "Multihomed mDNS.Timer" daemon [_thread_blocked, id=8208, stack(0x28960000,0x289b0000)]
  0x26793400 JavaThread "cc.arduino.packages.discoverers.serial.SerialDiscovery" [_thread_blocked, id=7176, stack(0x28a80000,0x28ad0000)]
  0x26749c00 JavaThread "AWT-Windows" daemon [_thread_in_native, id=8952, stack(0x26c50000,0x26ca0000)]
  0x26746c00 JavaThread "Java2D Disposer" daemon [_thread_blocked, id=2292, stack(0x26b30000,0x26b80000)]
  0x25f98c00 JavaThread "Service Thread" daemon [_thread_blocked, id=2432, stack(0x263b0000,0x26400000)]
  0x25f72800 JavaThread "C1 CompilerThread0" daemon [_thread_blocked, id=2284, stack(0x26320000,0x26370000)]
  0x25f71000 JavaThread "Attach Listener" daemon [_thread_blocked, id=6332, stack(0x26290000,0x262e0000)]
  0x25f5d800 JavaThread "Signal Dispatcher" daemon [_thread_blocked, id=1624, stack(0x25390000,0x253e0000)]
  0x25f5bc00 JavaThread "Finalizer" daemon [_thread_blocked, id=608, stack(0x252f0000,0x25340000)]
  0x25f55c00 JavaThread "Reference Handler" daemon [_thread_blocked, id=7544, stack(0x25260000,0x252b0000)]

Other Threads:
  0x25f40400 VMThread [stack: 0x04bb0000,0x04c00000] [id=9392]
  0x25fa6800 WatcherThread [stack: 0x26440000,0x26490000] [id=864]

VM state:not at safepoint (normal execution)

VM Mutex/Monitor currently owned by a thread: None

Heap:
 def new generation   total 65856K, used 50574K [0x04c00000, 0x09370000, 0x0f6a0000)
  eden space 58560K,  84% used [0x04c00000, 0x07c83460, 0x08530000)
  from space 7296K,  12% used [0x08530000, 0x08610598, 0x08c50000)
  to   space 7296K,   0% used [0x08c50000, 0x08c50000, 0x09370000)
 tenured generation   total 146184K, used 127984K [0x0f6a0000, 0x18562000, 0x24c00000)
   the space 146184K,  87% used [0x0f6a0000, 0x1739c128, 0x1739c200, 0x18562000)
 Metaspace       used 23018K, capacity 23556K, committed 23680K, reserved 23936K

Card table byte_map: [0x24c00000,0x24d10000] byte_map_base: 0x24bda000

Polling page: 0x00da0000

CodeCache: size=32768Kb used=1810Kb max_used=4509Kb free=30957Kb
 bounds [0x029b0000, 0x02e18000, 0x049b0000]
 total_blobs=1126 nmethods=839 adapters=217
 compilation: enabled

Compilation events (10 events):
Event: 1233.916 Thread 0x25f72800 5083             javax.swing.text.GapVector::replace (83 bytes)
Event: 1233.917 Thread 0x25f72800 nmethod 5083 0x02acd908 code [0x02acda40, 0x02acdc5c]
Event: 1233.917 Thread 0x25f72800 5084             javax.swing.text.GapVector::open (72 bytes)
Event: 1233.918 Thread 0x25f72800 nmethod 5084 0x02acd608 code [0x02acd720, 0x02acd864]
Event: 1234.197 Thread 0x25f72800 5085             javax.swing.text.GapVector::shiftGap (90 bytes)
Event: 1234.197 Thread 0x25f72800 nmethod 5085 0x02acd288 code [0x02acd3a0, 0x02acd558]
Event: 1235.181 Thread 0x25f72800 5086             javax.swing.JScrollBar::getMaximum (10 bytes)
Event: 1235.182 Thread 0x25f72800 nmethod 5086 0x02aa6d08 code [0x02aa6e00, 0x02aa6eb0]
Event: 1235.182 Thread 0x25f72800 5087             javax.swing.JScrollBar::getVisibleAmount (10 bytes)
Event: 1235.183 Thread 0x25f72800 nmethod 5087 0x02ce4948 code [0x02ce4a40, 0x02ce4af0]

GC Heap History (10 events):
Event: 64.786 GC heap before
{Heap before GC invocations=9 (full 2):
 def new generation   total 39424K, used 32096K [0x04c00000, 0x076c0000, 0x0f6a0000)
  eden space 35072K,  91% used [0x04c00000, 0x06b58010, 0x06e40000)
  from space 4352K,   0% used [0x06e40000, 0x06e40000, 0x07280000)
  to   space 4352K,   0% used [0x07280000, 0x07280000, 0x076c0000)
 tenured generation   total 87424K, used 71676K [0x0f6a0000, 0x14c00000, 0x24c00000)
   the space 87424K,  81% used [0x0f6a0000, 0x13c9f2a8, 0x13c9f400, 0x14c00000)
 Metaspace       used 21752K, capacity 22238K, committed 22272K, reserved 22912K
Event: 64.950 GC heap after
Heap after GC invocations=10 (full 3):
 def new generation   total 65856K, used 0K [0x04c00000, 0x09370000, 0x0f6a0000)
  eden space 58560K,   0% used [0x04c00000, 0x04c00000, 0x08530000)
  from space 7296K,   0% used [0x08530000, 0x08530000, 0x08c50000)
  to   space 7296K,   0% used [0x08c50000, 0x08c50000, 0x09370000)
 tenured generation   total 146184K, used 87709K [0x0f6a0000, 0x18562000, 0x24c00000)
   the space 146184K,  59% used [0x0f6a0000, 0x14c47778, 0x14c47800, 0x18562000)
 Metaspace       used 21752K, capacity 22238K, committed 22272K, reserved 22912K
}
Event: 65.457 GC heap before
{Heap before GC invocations=10 (full 3):
 def new generation   total 65856K, used 58560K [0x04c00000, 0x09370000, 0x0f6a0000)
  eden space 58560K, 100% used [0x04c00000, 0x08530000, 0x08530000)
  from space 7296K,   0% used [0x08530000, 0x08530000, 0x08c50000)
  to   space 7296K,   0% used [0x08c50000, 0x08c50000, 0x09370000)
 tenured generation   total 146184K, used 87709K [0x0f6a0000, 0x18562000, 0x24c00000)
   the space 146184K,  59% used [0x0f6a0000, 0x14c47778, 0x14c47800, 0x18562000)
 Metaspace       used 21783K, capacity 22285K, committed 22400K, reserved 22912K
Event: 65.541 GC heap after
Heap after GC invocations=11 (full 3):
 def new generation   total 65856K, used 7296K [0x04c00000, 0x09370000, 0x0f6a0000)
  eden space 58560K,   0% used [0x04c00000, 0x04c00000, 0x08530000)
  from space 7296K, 100% used [0x08c50000, 0x09370000, 0x09370000)
  to   space 7296K,   0% used [0x08530000, 0x08530000, 0x08c50000)
 tenured generation   total 146184K, used 112526K [0x0f6a0000, 0x18562000, 0x24c00000)
   the space 146184K,  76% used [0x0f6a0000, 0x16483b20, 0x16483c00, 0x18562000)
 Metaspace       used 21783K, capacity 22285K, committed 22400K, reserved 22912K
}
Event: 261.595 GC heap before
{Heap before GC invocations=11 (full 3):
 def new generation   total 65856K, used 65856K [0x04c00000, 0x09370000, 0x0f6a0000)
  eden space 58560K, 100% used [0x04c00000, 0x08530000, 0x08530000)
  from space 7296K, 100% used [0x08c50000, 0x09370000, 0x09370000)
  to   space 7296K,   0% used [0x08530000, 0x08530000, 0x08c50000)
 tenured generation   total 146184K, used 112526K [0x0f6a0000, 0x18562000, 0x24c00000)
   the space 146184K,  76% used [0x0f6a0000, 0x16483b20, 0x16483c00, 0x18562000)
 Metaspace       used 22997K, capacity 23524K, committed 23552K, reserved 23936K
Event: 261.642 GC heap after
Heap after GC invocations=12 (full 3):
 def new generation   total 65856K, used 4946K [0x04c00000, 0x09370000, 0x0f6a0000)
  eden space 58560K,   0% used [0x04c00000, 0x04c00000, 0x08530000)
  from space 7296K,  67% used [0x08530000, 0x08a04940, 0x08c50000)
  to   space 7296K,   0% used [0x08c50000, 0x08c50000, 0x09370000)
 tenured generation   total 146184K, used 123703K [0x0f6a0000, 0x18562000, 0x24c00000)
   the space 146184K,  84% used [0x0f6a0000, 0x16f6dfd0, 0x16f6e000, 0x18562000)
 Metaspace       used 22997K, capacity 23524K, committed 23552K, reserved 23936K
}
Event: 479.370 GC heap before
{Heap before GC invocations=12 (full 3):
 def new generation   total 65856K, used 63506K [0x04c00000, 0x09370000, 0x0f6a0000)
  eden space 58560K, 100% used [0x04c00000, 0x08530000, 0x08530000)
  from space 7296K,  67% used [0x08530000, 0x08a04940, 0x08c50000)
  to   space 7296K,   0% used [0x08c50000, 0x08c50000, 0x09370000)
 tenured generation   total 146184K, used 123703K [0x0f6a0000, 0x18562000, 0x24c00000)
   the space 146184K,  84% used [0x0f6a0000, 0x16f6dfd0, 0x16f6e000, 0x18562000)
 Metaspace       used 23016K, capacity 23556K, committed 23680K, reserved 23936K
Event: 479.386 GC heap after
Heap after GC invocations=13 (full 3):
 def new generation   total 65856K, used 590K [0x04c00000, 0x09370000, 0x0f6a0000)
  eden space 58560K,   0% used [0x04c00000, 0x04c00000, 0x08530000)
  from space 7296K,   8% used [0x08c50000, 0x08ce3b70, 0x09370000)
  to   space 7296K,   0% used [0x08530000, 0x08530000, 0x08c50000)
 tenured generation   total 146184K, used 127984K [0x0f6a0000, 0x18562000, 0x24c00000)
   the space 146184K,  87% used [0x0f6a0000, 0x1739c128, 0x1739c200, 0x18562000)
 Metaspace       used 23016K, capacity 23556K, committed 23680K, reserved 23936K
}
Event: 864.003 GC heap before
{Heap before GC invocations=13 (full 3):
 def new generation   total 65856K, used 59150K [0x04c00000, 0x09370000, 0x0f6a0000)
  eden space 58560K, 100% used [0x04c00000, 0x08530000, 0x08530000)
  from space 7296K,   8% used [0x08c50000, 0x08ce3b70, 0x09370000)
  to   space 7296K,   0% used [0x08530000, 0x08530000, 0x08c50000)
 tenured generation   total 146184K, used 127984K [0x0f6a0000, 0x18562000, 0x24c00000)
   the space 146184K,  87% used [0x0f6a0000, 0x1739c128, 0x1739c200, 0x18562000)
 Metaspace       used 23018K, capacity 23556K, committed 23680K, reserved 23936K
Event: 864.010 GC heap after
Heap after GC invocations=14 (full 3):
 def new generation   total 65856K, used 897K [0x04c00000, 0x09370000, 0x0f6a0000)
  eden space 58560K,   0% used [0x04c00000, 0x04c00000, 0x08530000)
  from space 7296K,  12% used [0x08530000, 0x08610598, 0x08c50000)
  to   space 7296K,   0% used [0x08c50000, 0x08c50000, 0x09370000)
 tenured generation   total 146184K, used 127984K [0x0f6a0000, 0x18562000, 0x24c00000)
   the space 146184K,  87% used [0x0f6a0000, 0x1739c128, 0x1739c200, 0x18562000)
 Metaspace       used 23018K, capacity 23556K, committed 23680K, reserved 23936K
}

Deoptimization events (0 events):
No events

Classes redefined (0 events):
No events

Internal exceptions (10 events):
Event: 343.337 Thread 0x2820dc00 Exception <a 'sun/nio/fs/WindowsException'> (0x06b78af0) thrown at [C:\workspace\8-2-build-windows-i586-cygwin\jdk8u191\11896\hotspot\src\share\vm\prims\jni.cpp, line 709]
Event: 343.337 Thread 0x2820dc00 Exception <a 'sun/nio/fs/WindowsException'> (0x06b79058) thrown at [C:\workspace\8-2-build-windows-i586-cygwin\jdk8u191\11896\hotspot\src\share\vm\prims\jni.cpp, line 709]
Event: 343.341 Thread 0x2820dc00 Exception <a 'sun/nio/fs/WindowsException'> (0x06b8bd98) thrown at [C:\workspace\8-2-build-windows-i586-cygwin\jdk8u191\11896\hotspot\src\share\vm\prims\jni.cpp, line 709]
Event: 343.341 Thread 0x2820dc00 Exception <a 'sun/nio/fs/WindowsException'> (0x06b8c2f0) thrown at [C:\workspace\8-2-build-windows-i586-cygwin\jdk8u191\11896\hotspot\src\share\vm\prims\jni.cpp, line 709]
Event: 343.345 Thread 0x2820dc00 Exception <a 'sun/nio/fs/WindowsException'> (0x06ba48a8) thrown at [C:\workspace\8-2-build-windows-i586-cygwin\jdk8u191\11896\hotspot\src\share\vm\prims\jni.cpp, line 709]
Event: 343.345 Thread 0x2820dc00 Exception <a 'sun/nio/fs/WindowsException'> (0x06ba4e28) thrown at [C:\workspace\8-2-build-windows-i586-cygwin\jdk8u191\11896\hotspot\src\share\vm\prims\jni.cpp, line 709]
Event: 343.348 Thread 0x2820dc00 Exception <a 'sun/nio/fs/WindowsException'> (0x06bb2540) thrown at [C:\workspace\8-2-build-windows-i586-cygwin\jdk8u191\11896\hotspot\src\share\vm\prims\jni.cpp, line 709]
Event: 343.348 Thread 0x2820dc00 Exception <a 'sun/nio/fs/WindowsException'> (0x06bb2a98) thrown at [C:\workspace\8-2-build-windows-i586-cygwin\jdk8u191\11896\hotspot\src\share\vm\prims\jni.cpp, line 709]
Event: 343.352 Thread 0x2820dc00 Exception <a 'sun/nio/fs/WindowsException'> (0x06bc0870) thrown at [C:\workspace\8-2-build-windows-i586-cygwin\jdk8u191\11896\hotspot\src\share\vm\prims\jni.cpp, line 709]
Event: 343.352 Thread 0x2820dc00 Exception <a 'sun/nio/fs/WindowsException'> (0x06bc0dd8) thrown at [C:\workspace\8-2-build-windows-i586-cygwin\jdk8u191\11896\hotspot\src\share\vm\prims\jni.cpp, line 709]

Events (10 events):
Event: 1234.198 Thread 0x25f72800 flushing nmethod 0x02aa6408
Event: 1234.198 Thread 0x25f72800 flushing nmethod 0x02ad0108
Event: 1235.182 Thread 0x25f72800 flushing nmethod 0x02c0cfc8
Event: 1235.182 Thread 0x25f72800 flushing nmethod 0x02c0d4c8
Event: 1235.182 Thread 0x25f72800 flushing nmethod 0x02c31788
Event: 1235.182 Thread 0x25f72800 flushing nmethod 0x02c31b08
Event: 1235.182 Thread 0x25f72800 flushing nmethod 0x02ce3a88
Event: 1235.182 Thread 0x25f72800 flushing nmethod 0x02ce4948
Event: 1235.183 Thread 0x25f72800 flushing nmethod 0x02e02c88
Event: 1235.183 Thread 0x25f72800 flushing nmethod 0x02e032c8


Dynamic libraries:
0x00230000 - 0x00263000 	C:\Program Files (x86)\Arduino\java\bin\javaw.exe
0x77b50000 - 0x77cf3000 	C:\windows\SYSTEM32\ntdll.dll
0x76fd0000 - 0x770c0000 	C:\windows\System32\KERNEL32.DLL
0x764b0000 - 0x766c4000 	C:\windows\System32\KERNELBASE.dll
0x76ed0000 - 0x76f4a000 	C:\windows\System32\ADVAPI32.dll
0x76050000 - 0x7610f000 	C:\windows\System32\msvcrt.dll
0x76720000 - 0x76795000 	C:\windows\System32\sechost.dll
0x76110000 - 0x761d0000 	C:\windows\System32\RPCRT4.dll
0x767a0000 - 0x76936000 	C:\windows\System32\USER32.dll
0x77370000 - 0x77388000 	C:\windows\System32\win32u.dll
0x770c0000 - 0x770e3000 	C:\windows\System32\GDI32.dll
0x77390000 - 0x7746c000 	C:\windows\System32\gdi32full.dll
0x76f50000 - 0x76fcb000 	C:\windows\System32\msvcp_win.dll
0x778b0000 - 0x779d0000 	C:\windows\System32\ucrtbase.dll
0x74930000 - 0x74b40000 	C:\windows\WinSxS\x86_microsoft.windows.common-controls_6595b64144ccf1df_6.0.19041.844_none_11adecdf30011423\COMCTL32.dll
0x76020000 - 0x76045000 	C:\windows\System32\IMM32.DLL
0x74870000 - 0x7492f000 	C:\Program Files (x86)\Arduino\java\bin\msvcr100.dll
0x74490000 - 0x74863000 	C:\Program Files (x86)\Arduino\java\bin\client\jvm.dll
0x76310000 - 0x76316000 	C:\windows\System32\PSAPI.DLL
0x74480000 - 0x74488000 	C:\windows\SYSTEM32\WSOCK32.dll
0x74450000 - 0x74478000 	C:\windows\SYSTEM32\WINMM.dll
0x74d40000 - 0x74d48000 	C:\windows\SYSTEM32\VERSION.dll
0x779d0000 - 0x77a33000 	C:\windows\System32\WS2_32.dll
0x74420000 - 0x74450000 	C:\Program Files (x86)\Arduino\java\bin\splashscreen.dll
0x743a0000 - 0x74414000 	C:\windows\system32\uxtheme.dll
0x774b0000 - 0x77732000 	C:\windows\System32\combase.dll
0x74390000 - 0x7439c000 	C:\Program Files (x86)\Arduino\java\bin\verify.dll
0x77180000 - 0x77253000 	C:\windows\System32\MSCTF.dll
0x76da0000 - 0x76e36000 	C:\windows\System32\OLEAUT32.dll
0x74360000 - 0x74382000 	C:\Program Files (x86)\Arduino\java\bin\java.dll
0x74340000 - 0x74354000 	C:\Program Files (x86)\Arduino\java\bin\zip.dll
0x753b0000 - 0x753bf000 	C:\windows\SYSTEM32\kernel.appcore.dll
0x75a00000 - 0x75a5d000 	C:\windows\System32\bcryptPrimitives.dll
0x74280000 - 0x74339000 	C:\windows\SYSTEM32\textinputframework.dll
0x741e0000 - 0x7427b000 	C:\windows\System32\CoreMessaging.dll
0x73f60000 - 0x741de000 	C:\windows\System32\CoreUIComponents.dll
0x770f0000 - 0x77177000 	C:\windows\System32\SHCORE.dll
0x75100000 - 0x75129000 	C:\windows\SYSTEM32\ntmarta.dll
0x73e80000 - 0x73f5b000 	C:\windows\SYSTEM32\wintypes.dll
0x73e20000 - 0x73e73000 	C:\windows\system32\Oleacc.dll
0x75a60000 - 0x76013000 	C:\windows\System32\SHELL32.dll
0x753f0000 - 0x759f9000 	C:\windows\SYSTEM32\windows.storage.dll
0x753c0000 - 0x753e4000 	C:\windows\SYSTEM32\Wldp.dll
0x77af0000 - 0x77b35000 	C:\windows\System32\shlwapi.dll
0x74dc0000 - 0x74dd8000 	C:\windows\SYSTEM32\profapi.dll
0x61940000 - 0x619b3000 	C:\Program Files (x86)\Arduino\lib\listSerialsj.dll
0x76950000 - 0x76d85000 	C:\windows\System32\SETUPAPI.dll
0x77470000 - 0x774ab000 	C:\windows\System32\cfgmgr32.dll
0x76490000 - 0x764a9000 	C:\windows\System32\bcrypt.dll
0x73e00000 - 0x73e1d000 	C:\Program Files (x86)\Arduino\lib\jnidispatch-4.2.2-win32-x86.dll
0x763a0000 - 0x76483000 	C:\windows\System32\Ole32.dll
0x73de0000 - 0x73df5000 	C:\Program Files (x86)\Arduino\java\bin\net.dll
0x75280000 - 0x752d2000 	C:\windows\system32\mswsock.dll
0x73dd0000 - 0x73ddf000 	C:\Program Files (x86)\Arduino\java\bin\nio.dll
0x73c80000 - 0x73dc7000 	C:\Program Files (x86)\Arduino\java\bin\awt.dll
0x73be0000 - 0x73c7f000 	C:\windows\SYSTEM32\apphelp.dll
0x73bb0000 - 0x73bd6000 	C:\windows\system32\DWMAPI.DLL
0x73b70000 - 0x73ba9000 	C:\Program Files (x86)\Arduino\java\bin\fontmanager.dll
0x73a60000 - 0x73b64000 	C:\windows\system32\opengl32.dll
0x73a20000 - 0x73a5f000 	C:\windows\SYSTEM32\GLU32.dll
0x739e0000 - 0x73a12000 	C:\Program Files (x86)\Arduino\java\bin\t2k.dll
0x739d0000 - 0x739da000 	C:\Program Files (x86)\Arduino\java\bin\management.dll
0x739b0000 - 0x739c1000 	C:\windows\system32\napinsp.dll
0x73990000 - 0x739a6000 	C:\windows\system32\pnrpnsp.dll
0x73980000 - 0x73990000 	C:\windows\system32\wshbth.dll
0x73960000 - 0x73976000 	C:\windows\system32\NLAapi.dll
0x751a0000 - 0x751d2000 	C:\windows\SYSTEM32\IPHLPAPI.DLL
0x751e0000 - 0x75272000 	C:\windows\SYSTEM32\DNSAPI.dll
0x76d90000 - 0x76d97000 	C:\windows\System32\NSI.dll
0x73950000 - 0x7395e000 	C:\windows\System32\winrnr.dll
0x75130000 - 0x75188000 	C:\windows\System32\fwpuclnt.dll
0x75190000 - 0x75198000 	C:\Windows\System32\rasadhlp.dll
0x74fa0000 - 0x74fb4000 	C:\windows\SYSTEM32\dhcpcsvc6.DLL
0x74ff0000 - 0x75006000 	C:\windows\SYSTEM32\dhcpcsvc.DLL
0x750e0000 - 0x750f3000 	C:\windows\SYSTEM32\CRYPTSP.dll
0x750b0000 - 0x750df000 	C:\windows\system32\rsaenh.dll
0x74de0000 - 0x74e05000 	C:\windows\SYSTEM32\USERENV.dll
0x750a0000 - 0x750aa000 	C:\windows\SYSTEM32\CRYPTBASE.dll
0x74fc0000 - 0x74fe4000 	C:\windows\SYSTEM32\DEVOBJ.dll
0x766d0000 - 0x76717000 	C:\windows\System32\WINTRUST.dll
0x77260000 - 0x77361000 	C:\windows\System32\CRYPT32.dll
0x75030000 - 0x7503e000 	C:\windows\SYSTEM32\MSASN1.dll
0x73930000 - 0x73950000 	C:\Program Files (x86)\Arduino\java\bin\sunec.dll
0x73920000 - 0x73929000 	C:\Program Files (x86)\Arduino\java\bin\sunmscapi.dll
0x738b0000 - 0x73919000 	C:\Program Files (x86)\Arduino\msvcp100.dll
0x737f0000 - 0x738ae000 	C:\Program Files (x86)\Arduino\msvcr100.dll
0x29330000 - 0x29362000 	C:\Program Files (x86)\Arduino\lib\AStylej.dll
0x761d0000 - 0x7624e000 	C:\windows\System32\clbcatq.dll
0x73670000 - 0x737e1000 	C:\windows\SYSTEM32\WindowsCodecs.dll
0x73630000 - 0x73661000 	C:\windows\system32\dataexchange.dll
0x732e0000 - 0x734c0000 	C:\windows\system32\d3d11.dll
0x734c0000 - 0x73624000 	C:\windows\system32\dcomp.dll
0x73210000 - 0x732d2000 	C:\windows\system32\dxgi.dll
0x73080000 - 0x7320f000 	C:\windows\system32\twinapi.appcore.dll
0x67850000 - 0x678a4000 	C:\windows\system32\Ninput.dll
0x64000000 - 0x6401b000 	C:\Program Files (x86)\Arduino\lib\jSSC-2.8_x86.dll
0x6b800000 - 0x6b988000 	C:\windows\SYSTEM32\dbghelp.dll

VM Arguments:
jvm_args: -Dsun.java2d.d3d=false -Djna.nosys=true -Djna.nounpack=true -Djna.boot.library.name=jnidispatch-4.2.2-win32-x86 -Djna.boot.library.path=C:\Program Files (x86)\Arduino/lib -Djssc.library.path=C:\Program Files (x86)\Arduino/lib -DAPP_DIR=C:\Program Files (x86)\Arduino -Xms128M -Xmx512M -Dfile.encoding=UTF8 -Djava.net.preferIPv4Stack=true 
java_command: processing.app.Base C:\Users\988ma\Desktop\blinds\projekt\projekt.ino
java_class_path (initial): C:\Program Files (x86)\Arduino\lib\apple.jar;C:\Program Files (x86)\Arduino\lib\arduino-core.jar;C:\Program Files (x86)\Arduino\lib\batik-1.8.jar;C:\Program Files (x86)\Arduino\lib\batik-anim-1.8.jar;C:\Program Files (x86)\Arduino\lib\batik-awt-util-1.8.jar;C:\Program Files (x86)\Arduino\lib\batik-bridge-1.8.jar;C:\Program Files (x86)\Arduino\lib\batik-codec-1.8.jar;C:\Program Files (x86)\Arduino\lib\batik-css-1.8.jar;C:\Program Files (x86)\Arduino\lib\batik-dom-1.8.jar;C:\Program Files (x86)\Arduino\lib\batik-ext-1.8.jar;C:\Program Files (x86)\Arduino\lib\batik-gvt-1.8.jar;C:\Program Files (x86)\Arduino\lib\batik-parser-1.8.jar;C:\Program Files (x86)\Arduino\lib\batik-rasterizer-1.8.jar;C:\Program Files (x86)\Arduino\lib\batik-script-1.8.jar;C:\Program Files (x86)\Arduino\lib\batik-squiggle-1.8.jar;C:\Program Files (x86)\Arduino\lib\batik-svg-dom-1.8.jar;C:\Program Files (x86)\Arduino\lib\batik-svgpp-1.8.jar;C:\Program Files (x86)\Arduino\lib\batik-transcoder-1.8.jar;C:\Program Files (x86)\Arduino\lib\batik-util-1.8.jar;C:\Program Files (x86)\Arduino\lib\batik-xml-1.8.jar;C:\Program Files (x86)\Arduino\lib\bcpg-jdk15on-152.jar;C:\Program Files (x86)\Arduino\lib\bcprov-jdk15on-152.jar;C:\Program Files (x86)\Arduino\lib\commons-codec-1.7.jar;C:\Program Files (x86)\Arduino\lib\commons-compress-1.8.jar;C:\Program Files (x86)\Arduino\lib\commons-exec-1.1.jar;C:\Program Files (x86)\Arduino\lib\commons-httpclient-3.1.jar;C:\Program Files (x86)\Arduino\lib\commons-lang3-3.8.1.jar;C:\Program Files (x86)\Arduino\lib\commons-logging-1.0.4.jar;C:\Program Files (x86)\Arduino\lib\commons-net-3.3.jar;C:\Program Files (x86)\Arduino\lib\commons-io-2.6.jar;C:\Program Files (x86)\Arduino\lib\jackson-annotations-2.9.5.jar;C:\Program Files (x86)\Arduino\lib\jackson-core-2.9.5.jar;C:\Program Files (x86)\Arduino\lib\jackson-databind-2.9.5.jar;C:\Program Files (x86)\Arduino\lib\java-semver-0.8.0.jar;C:\Program Files (x86)\Arduino\lib\jmdns-3.5.5.jar;C:\Program
Launcher Type: SUN_STANDARD

Environment Variables:
PATH=C:\windows\system32;C:\windows;C:\windows\System32\Wbem;C:\windows\System32\WindowsPowerShell\v1.0\;C:\windows\System32\OpenSSH\;C:\Program Files\Git\cmd;C:\Users\988ma\AppData\Local\Programs\Python\Python39\Scripts\;C:\Users\988ma\AppData\Local\Programs\Python\Python39\;C:\Users\988ma\AppData\Local\Microsoft\WindowsApps;;C:\Users\988ma\AppData\Local\Programs\Microsoft VS Code\bin;C:\Program Files (x86)\Arduino\java\bin
USERNAME=988ma
OS=Windows_NT
PROCESSOR_IDENTIFIER=AMD64 Family 23 Model 96 Stepping 1, AuthenticAMD



---------------  S Y S T E M  ---------------

OS: Windows 10.0 , 64 bit Build 19041 (10.0.19041.928)

CPU:total 8 (initial active 8) (8 cores per cpu, 1 threads per core) family 23 model 96 stepping 1, cmov, cx8, fxsr, mmx, sse, sse2, sse3, ssse3, sse4.1, sse4.2, popcnt, avx, avx2, aes, clmul, mmxext, 3dnowpref, lzcnt, sse4a, tsc, tscinvbit, tscinv, bmi1

Memory: 4k page, physical 16134968k(13237200k free), swap 18625336k(15542040k free)

vm_info: Java HotSpot(TM) Client VM (25.191-b12) for windows-x86 JRE (1.8.0_191-b12), built on Oct  6 2018 08:34:23 by "java_re" with MS VC++ 10.0 (VS2010)

time: Tue Apr 27 18:33:36 2021
elapsed time: 4477 seconds (0d 1h 14m 37s)

